
==================================================
시간: 2025-04-11T16:33:18.291888
토큰:
  - 입력 토큰: 713
  - 답변 토큰: 185
  - 토큰 사용량 : 898
비용:
  - 입력 토큰 비용 : $0.001783
  - 출력 토큰 비용 : $0.001850
  - 총 토큰 비용 : $0.003633
==================================================

==================================================
시간: 2025-04-11T16:58:04.710897
토큰:
  - 입력 토큰: 717
  - 답변 토큰: 123
  - 토큰 사용량 : 840
비용:
  - 입력 토큰 비용 : $0.001792
  - 출력 토큰 비용 : $0.001230
  - 총 토큰 비용 : $0.003023
==================================================

==================================================
시간: 2025-04-11T17:01:50.475675
토큰:
  - 입력 토큰: 717
  - 답변 토큰: 191
  - 토큰 사용량 : 908
비용:
  - 입력 토큰 비용 : $0.001792
  - 출력 토큰 비용 : $0.001910
  - 총 토큰 비용 : $0.003703
==================================================

==================================================
시간: 2025-04-11T17:02:08.943566
토큰:
  - 입력 토큰: 2757
  - 답변 토큰: 210
  - 토큰 사용량 : 2967
비용:
  - 입력 토큰 비용 : $0.006892
  - 출력 토큰 비용 : $0.002100
  - 총 토큰 비용 : $0.008993
==================================================

==================================================
시간: 2025-04-11T17:07:05.357766
토큰:
  - 입력 토큰: 717
  - 답변 토큰: 172
  - 토큰 사용량 : 889
비용:
  - 입력 토큰 비용 : $0.001792
  - 출력 토큰 비용 : $0.001720
  - 총 토큰 비용 : $0.003512
==================================================

==================================================
시간: 2025-04-11T17:07:33.666599
토큰:
  - 입력 토큰: 2841
  - 답변 토큰: 273
  - 토큰 사용량 : 3114
비용:
  - 입력 토큰 비용 : $0.007103
  - 출력 토큰 비용 : $0.002730
  - 총 토큰 비용 : $0.009833
==================================================

==================================================
시간: 2025-04-11T17:12:57.557085
토큰:
  - 입력 토큰: 717
  - 답변 토큰: 147
  - 토큰 사용량 : 864
비용:
  - 입력 토큰 비용 : $0.001792
  - 출력 토큰 비용 : $0.001470
  - 총 토큰 비용 : $0.003262
==================================================

==================================================
시간: 2025-04-11T17:13:16.269018
토큰:
  - 입력 토큰: 2876
  - 답변 토큰: 249
  - 토큰 사용량 : 3125
비용:
  - 입력 토큰 비용 : $0.007190
  - 출력 토큰 비용 : $0.002490
  - 총 토큰 비용 : $0.009680
==================================================

==================================================
시간: 2025-04-11T17:15:35.039244
토큰:
  - 입력 토큰: 717
  - 답변 토큰: 114
  - 토큰 사용량 : 831
비용:
  - 입력 토큰 비용 : $0.001792
  - 출력 토큰 비용 : $0.001140
  - 총 토큰 비용 : $0.002932
==================================================

==================================================
시간: 2025-04-11T17:15:52.293698
토큰:
  - 입력 토큰: 2965
  - 답변 토큰: 332
  - 토큰 사용량 : 3297
비용:
  - 입력 토큰 비용 : $0.007413
  - 출력 토큰 비용 : $0.003320
  - 총 토큰 비용 : $0.010733
==================================================

==================================================
시간: 2025-04-11T17:21:59.160215
토큰:
  - 입력 토큰: 717
  - 답변 토큰: 216
  - 토큰 사용량 : 933
비용:
  - 입력 토큰 비용 : $0.001792
  - 출력 토큰 비용 : $0.002160
  - 총 토큰 비용 : $0.003952
==================================================

==================================================
시간: 2025-04-11T17:22:19.440963
토큰:
  - 입력 토큰: 3146
  - 답변 토큰: 174
  - 토큰 사용량 : 3320
비용:
  - 입력 토큰 비용 : $0.007865
  - 출력 토큰 비용 : $0.001740
  - 총 토큰 비용 : $0.009605
==================================================

==================================================
시간: 2025-04-11T17:26:04.821913
토큰:
  - 입력 토큰: 3403
  - 답변 토큰: 235
  - 토큰 사용량 : 3638
비용:
  - 입력 토큰 비용 : $0.008508
  - 출력 토큰 비용 : $0.002350
  - 총 토큰 비용 : $0.010858
==================================================

==================================================
시간: 2025-04-11T17:29:02.824689
토큰:
  - 입력 토큰: 3733
  - 답변 토큰: 185
  - 토큰 사용량 : 3918
비용:
  - 입력 토큰 비용 : $0.009333
  - 출력 토큰 비용 : $0.001850
  - 총 토큰 비용 : $0.011183
==================================================

==================================================
시간: 2025-04-11T17:29:24.394490
토큰:
  - 입력 토큰: 3888
  - 답변 토큰: 233
  - 토큰 사용량 : 4121
비용:
  - 입력 토큰 비용 : $0.009720
  - 출력 토큰 비용 : $0.002330
  - 총 토큰 비용 : $0.012050
==================================================

==================================================
시간: 2025-04-11T17:30:03.218972
토큰:
  - 입력 토큰: 4121
  - 답변 토큰: 193
  - 토큰 사용량 : 4314
비용:
  - 입력 토큰 비용 : $0.010302
  - 출력 토큰 비용 : $0.001930
  - 총 토큰 비용 : $0.012232
==================================================

==================================================
시간: 2025-04-11T17:30:36.669478
토큰:
  - 입력 토큰: 4280
  - 답변 토큰: 178
  - 토큰 사용량 : 4458
비용:
  - 입력 토큰 비용 : $0.010700
  - 출력 토큰 비용 : $0.001780
  - 총 토큰 비용 : $0.012480
==================================================

==================================================
시간: 2025-04-11T17:30:58.858711
토큰:
  - 입력 토큰: 4432
  - 답변 토큰: 20
  - 토큰 사용량 : 4452
비용:
  - 입력 토큰 비용 : $0.011080
  - 출력 토큰 비용 : $0.000200
  - 총 토큰 비용 : $0.011280
==================================================

==================================================
시간: 2025-04-14T09:59:03.109584
토큰:
  - 입력 토큰: 717
  - 답변 토큰: 134
  - 토큰 사용량 : 851
비용:
  - 입력 토큰 비용 : $0.001792
  - 출력 토큰 비용 : $0.001340
  - 총 토큰 비용 : $0.003132
==================================================

==================================================
시간: 2025-04-14T09:59:18.705433
토큰:
  - 입력 토큰: 3116
  - 답변 토큰: 91
  - 토큰 사용량 : 3207
비용:
  - 입력 토큰 비용 : $0.007790
  - 출력 토큰 비용 : $0.000910
  - 총 토큰 비용 : $0.008700
==================================================

==================================================
시간: 2025-04-14T10:02:29.391926
토큰:
  - 입력 토큰: 717
  - 답변 토큰: 127
  - 토큰 사용량 : 844
비용:
  - 입력 토큰 비용 : $0.001792
  - 출력 토큰 비용 : $0.001270
  - 총 토큰 비용 : $0.003062
==================================================

==================================================
시간: 2025-04-14T10:02:43.587397
토큰:
  - 입력 토큰: 3129
  - 답변 토큰: 100
  - 토큰 사용량 : 3229
비용:
  - 입력 토큰 비용 : $0.007822
  - 출력 토큰 비용 : $0.001000
  - 총 토큰 비용 : $0.008823
==================================================

==================================================
시간: 2025-04-14T10:06:27.435647
토큰:
  - 입력 토큰: 717
  - 답변 토큰: 143
  - 토큰 사용량 : 860
비용:
  - 입력 토큰 비용 : $0.001792
  - 출력 토큰 비용 : $0.001430
  - 총 토큰 비용 : $0.003222
==================================================

==================================================
시간: 2025-04-14T10:06:46.107107
토큰:
  - 입력 토큰: 3327
  - 답변 토큰: 45
  - 토큰 사용량 : 3372
비용:
  - 입력 토큰 비용 : $0.008318
  - 출력 토큰 비용 : $0.000450
  - 총 토큰 비용 : $0.008768
==================================================
